<?xml version="1.0" encoding="UTF-8"?>
<!-- Generated by org.testng.reporters.JUnitReportReporter -->
<testsuite hostname="LAPTOP-OKGQ2SHE" failures="0" tests="1" name="dsoseleniumtest1.FirstSeleniumTest" time="18.140" errors="0" timestamp="2022-04-24T18:44:54 IST" skipped="0">
  <testcase classname="dsoseleniumtest1.FirstSeleniumTest" name="facebookLogin" time="18.140"/>
  <system-out/>
</testsuite> <!-- dsoseleniumtest1.FirstSeleniumTest -->
